app/build/intermediates/manifest_merge_blame_file/release/manifest-merger-blame-release-report.txt
1<?xml version="1.0" encoding="utf-8"?>
2<!--
3 Replace com.test.game with the identifier of your game below, e.g.
4     com.gamemaker.game
5-->
6<manifest xmlns:android="http://schemas.android.com/apk/res/android"
7    package="org.libsdl.app"
8    android:installLocation="auto"
9    android:versionCode="1"
10    android:versionName="1.0" >
11
12    <uses-sdk
13        android:minSdkVersion="16"
13-->src\main\AndroidManifest.xml
14        android:targetSdkVersion="29" />
14-->src\main\AndroidManifest.xml
15
16    <!-- OpenGL ES 2.0 -->
17    <uses-feature android:glEsVersion="0x00020000" />
17-->src\main\AndroidManifest.xml:12:5-54
17-->src\main\AndroidManifest.xml:12:19-51
18
19    <!-- Touchscreen support -->
20    <uses-feature
20-->src\main\AndroidManifest.xml:15:5-17:35
21        android:name="android.hardware.touchscreen"
21-->src\main\AndroidManifest.xml:16:9-52
22        android:required="true" />
22-->src\main\AndroidManifest.xml:17:9-32
23
24    <!-- Game controller support -->
25    <uses-feature
25-->src\main\AndroidManifest.xml:20:5-22:36
26        android:name="android.hardware.bluetooth"
26-->src\main\AndroidManifest.xml:21:9-50
27        android:required="false" />
27-->src\main\AndroidManifest.xml:22:9-33
28    <uses-feature
28-->src\main\AndroidManifest.xml:23:5-25:36
29        android:name="android.hardware.gamepad"
29-->src\main\AndroidManifest.xml:24:9-48
30        android:required="false" />
30-->src\main\AndroidManifest.xml:25:9-33
31    <uses-feature
31-->src\main\AndroidManifest.xml:26:5-28:36
32        android:name="android.hardware.usb.host"
32-->src\main\AndroidManifest.xml:27:9-49
33        android:required="false" />
33-->src\main\AndroidManifest.xml:28:9-33
34
35    <!-- External mouse input events -->
36    <uses-feature
36-->src\main\AndroidManifest.xml:31:5-33:36
37        android:name="android.hardware.type.pc"
37-->src\main\AndroidManifest.xml:32:9-48
38        android:required="false" />
38-->src\main\AndroidManifest.xml:33:9-33
39
40    <!-- Audio recording support -->
41    <!-- if you want to capture audio, uncomment this. -->
42    <!--
43         <uses-feature
44        android:name="android.hardware.microphone"
45        android:required="false" />
46    -->
47
48
49    <!-- Allow writing to external storage -->
50    <uses-permission android:name="android.permission.WRITE_EXTERNAL_STORAGE" />
50-->src\main\AndroidManifest.xml:42:5-81
50-->src\main\AndroidManifest.xml:42:22-78
51    <!-- Allow access to Bluetooth devices -->
52    <uses-permission android:name="android.permission.BLUETOOTH" />
52-->src\main\AndroidManifest.xml:44:5-68
52-->src\main\AndroidManifest.xml:44:22-65
53    <!-- Allow access to the vibrator -->
54    <uses-permission android:name="android.permission.VIBRATE" />
54-->src\main\AndroidManifest.xml:46:5-66
54-->src\main\AndroidManifest.xml:46:22-63
55    <uses-permission android:name="android.permission.INTERNET" />
55-->[com.google.firebase:firebase-auth:21.0.1] AndroidManifest.xml:23:5-67
55-->[com.google.firebase:firebase-auth:21.0.1] AndroidManifest.xml:23:22-64
56    <uses-permission android:name="android.permission.ACCESS_NETWORK_STATE" />
56-->[com.google.firebase:firebase-auth:21.0.1] AndroidManifest.xml:24:5-79
56-->[com.google.firebase:firebase-auth:21.0.1] AndroidManifest.xml:24:22-76
57    <uses-permission android:name="android.permission.WAKE_LOCK" />
57-->[com.google.android.gms:play-services-measurement-api:19.0.1] AndroidManifest.xml:24:5-68
57-->[com.google.android.gms:play-services-measurement-api:19.0.1] AndroidManifest.xml:24:22-65
58    <uses-permission android:name="com.google.android.finsky.permission.BIND_GET_INSTALL_REFERRER_SERVICE" /> <!-- Android package visibility setting -->
58-->[com.google.android.gms:play-services-measurement:19.0.1] AndroidManifest.xml:26:5-110
58-->[com.google.android.gms:play-services-measurement:19.0.1] AndroidManifest.xml:26:22-107
59    <queries>
59-->[com.google.android.gms:play-services-ads-lite:20.3.0] AndroidManifest.xml:27:5-43:15
60
61        <!-- For browser content -->
62        <intent>
62-->[com.google.android.gms:play-services-ads-lite:20.3.0] AndroidManifest.xml:30:9-36:18
63            <action android:name="android.intent.action.VIEW" />
63-->[com.google.firebase:firebase-auth:21.0.1] AndroidManifest.xml:34:17-69
63-->[com.google.firebase:firebase-auth:21.0.1] AndroidManifest.xml:34:25-66
64
65            <category android:name="android.intent.category.BROWSABLE" />
65-->[com.google.firebase:firebase-auth:21.0.1] AndroidManifest.xml:37:17-78
65-->[com.google.firebase:firebase-auth:21.0.1] AndroidManifest.xml:37:27-75
66
67            <data android:scheme="https" />
67-->[com.google.firebase:firebase-auth:21.0.1] AndroidManifest.xml:39:17-42:51
67-->[com.google.firebase:firebase-auth:21.0.1] AndroidManifest.xml:42:21-48
68        </intent>
69        <!-- End of browser content -->
70        <!-- For CustomTabsService -->
71        <intent>
71-->[com.google.android.gms:play-services-ads-lite:20.3.0] AndroidManifest.xml:39:9-41:18
72            <action android:name="android.support.customtabs.action.CustomTabsService" />
72-->[com.google.android.gms:play-services-ads-lite:20.3.0] AndroidManifest.xml:40:13-90
72-->[com.google.android.gms:play-services-ads-lite:20.3.0] AndroidManifest.xml:40:21-87
73        </intent>
74        <!-- End of CustomTabsService -->
75    </queries>
76
77    <uses-permission android:name="android.permission.RECEIVE_BOOT_COMPLETED" /> <!-- if you want to capture audio, uncomment this. -->
77-->[androidx.work:work-runtime:2.1.0] AndroidManifest.xml:27:5-81
77-->[androidx.work:work-runtime:2.1.0] AndroidManifest.xml:27:22-78
78    <!-- <uses-permission android:name="android.permission.RECORD_AUDIO" /> -->
79    <!--
80 Create a Java class extending SDLActivity and place it in a
81         directory under app/src/main/java matching the package, e.g. app/src/main/java/com/gamemaker/game/MyGame.java
82 
83         then replace "SDLActivity" with the name of your class (e.g. "MyGame")
84         in the XML below.
85
86         An example Java class can be found in README-android.md
87    -->
88    <application
88-->src\main\AndroidManifest.xml:59:5-89:19
89        android:allowBackup="true"
89-->src\main\AndroidManifest.xml:61:9-35
90        android:appComponentFactory="androidx.core.app.CoreComponentFactory"
90-->[androidx.core:core:1.2.0] AndroidManifest.xml:24:18-86
91        android:hardwareAccelerated="true"
91-->src\main\AndroidManifest.xml:63:9-43
92        android:icon="@mipmap/ic_launcher"
92-->src\main\AndroidManifest.xml:60:9-43
93        android:label="@string/app_name"
93-->src\main\AndroidManifest.xml:59:18-50
94        android:testOnly="true"
95        android:theme="@android:style/Theme.NoTitleBar.Fullscreen" >
95-->src\main\AndroidManifest.xml:62:9-67
96
97        <!--
98        Example of setting SDL hints from AndroidManifest.xml:
99        <meta-data android:name="SDL_ENV.SDL_ACCELEROMETER_AS_JOYSTICK" android:value="0"/>
100        -->
101
102        <activity
102-->src\main\AndroidManifest.xml:69:9-88:20
103            android:name="org.libsdl.app.SDLActivity"
103-->src\main\AndroidManifest.xml:69:19-45
104            android:alwaysRetainTaskState="true"
104-->src\main\AndroidManifest.xml:71:13-49
105            android:configChanges="layoutDirection|locale|orientation|uiMode|screenLayout|screenSize|smallestScreenSize|keyboard|keyboardHidden|navigation"
105-->src\main\AndroidManifest.xml:74:13-156
106            android:label="ShooterHJO"
106-->src\main\AndroidManifest.xml:70:13-39
107            android:launchMode="singleInstance"
107-->src\main\AndroidManifest.xml:73:13-48
108            android:screenOrientation="portrait" >
108-->src\main\AndroidManifest.xml:72:13-49
109            <intent-filter>
109-->src\main\AndroidManifest.xml:76:13-79:29
110                <action android:name="android.intent.action.MAIN" />
110-->src\main\AndroidManifest.xml:77:17-69
110-->src\main\AndroidManifest.xml:77:25-66
111
112                <category android:name="android.intent.category.LAUNCHER" />
112-->src\main\AndroidManifest.xml:78:17-77
112-->src\main\AndroidManifest.xml:78:27-74
113            </intent-filter>
114            <!-- Drop file event -->
115            <!--
116            <intent-filter>
117                <action android:name="android.intent.action.VIEW" />
118                <category android:name="android.intent.category.DEFAULT" />
119                <data android:mimeType="*/*" />
120            </intent-filter>
121            -->
122        </activity>
123        <activity
123-->[com.google.firebase:firebase-auth:21.0.1] AndroidManifest.xml:27:9-44:20
124            android:name="com.google.firebase.auth.internal.GenericIdpActivity"
124-->[com.google.firebase:firebase-auth:21.0.1] AndroidManifest.xml:28:13-80
125            android:excludeFromRecents="true"
125-->[com.google.firebase:firebase-auth:21.0.1] AndroidManifest.xml:29:13-46
126            android:exported="true"
126-->[com.google.firebase:firebase-auth:21.0.1] AndroidManifest.xml:30:13-36
127            android:launchMode="singleTask"
127-->[com.google.firebase:firebase-auth:21.0.1] AndroidManifest.xml:31:13-44
128            android:theme="@android:style/Theme.Translucent.NoTitleBar" >
128-->[com.google.firebase:firebase-auth:21.0.1] AndroidManifest.xml:32:13-72
129            <intent-filter>
129-->[com.google.firebase:firebase-auth:21.0.1] AndroidManifest.xml:33:13-43:29
130                <action android:name="android.intent.action.VIEW" />
130-->[com.google.firebase:firebase-auth:21.0.1] AndroidManifest.xml:34:17-69
130-->[com.google.firebase:firebase-auth:21.0.1] AndroidManifest.xml:34:25-66
131
132                <category android:name="android.intent.category.DEFAULT" />
132-->[com.google.firebase:firebase-auth:21.0.1] AndroidManifest.xml:36:17-76
132-->[com.google.firebase:firebase-auth:21.0.1] AndroidManifest.xml:36:27-73
133                <category android:name="android.intent.category.BROWSABLE" />
133-->[com.google.firebase:firebase-auth:21.0.1] AndroidManifest.xml:37:17-78
133-->[com.google.firebase:firebase-auth:21.0.1] AndroidManifest.xml:37:27-75
134
135                <data
135-->[com.google.firebase:firebase-auth:21.0.1] AndroidManifest.xml:39:17-42:51
136                    android:host="firebase.auth"
136-->[com.google.firebase:firebase-auth:21.0.1] AndroidManifest.xml:40:21-49
137                    android:path="/"
137-->[com.google.firebase:firebase-auth:21.0.1] AndroidManifest.xml:41:21-37
138                    android:scheme="genericidp" />
138-->[com.google.firebase:firebase-auth:21.0.1] AndroidManifest.xml:42:21-48
139            </intent-filter>
140        </activity>
141        <activity
141-->[com.google.firebase:firebase-auth:21.0.1] AndroidManifest.xml:45:9-62:20
142            android:name="com.google.firebase.auth.internal.RecaptchaActivity"
142-->[com.google.firebase:firebase-auth:21.0.1] AndroidManifest.xml:46:13-79
143            android:excludeFromRecents="true"
143-->[com.google.firebase:firebase-auth:21.0.1] AndroidManifest.xml:47:13-46
144            android:exported="true"
144-->[com.google.firebase:firebase-auth:21.0.1] AndroidManifest.xml:48:13-36
145            android:launchMode="singleTask"
145-->[com.google.firebase:firebase-auth:21.0.1] AndroidManifest.xml:49:13-44
146            android:theme="@android:style/Theme.Translucent.NoTitleBar" >
146-->[com.google.firebase:firebase-auth:21.0.1] AndroidManifest.xml:50:13-72
147            <intent-filter>
147-->[com.google.firebase:firebase-auth:21.0.1] AndroidManifest.xml:51:13-61:29
148                <action android:name="android.intent.action.VIEW" />
148-->[com.google.firebase:firebase-auth:21.0.1] AndroidManifest.xml:34:17-69
148-->[com.google.firebase:firebase-auth:21.0.1] AndroidManifest.xml:34:25-66
149
150                <category android:name="android.intent.category.DEFAULT" />
150-->[com.google.firebase:firebase-auth:21.0.1] AndroidManifest.xml:36:17-76
150-->[com.google.firebase:firebase-auth:21.0.1] AndroidManifest.xml:36:27-73
151                <category android:name="android.intent.category.BROWSABLE" />
151-->[com.google.firebase:firebase-auth:21.0.1] AndroidManifest.xml:37:17-78
151-->[com.google.firebase:firebase-auth:21.0.1] AndroidManifest.xml:37:27-75
152
153                <data
153-->[com.google.firebase:firebase-auth:21.0.1] AndroidManifest.xml:39:17-42:51
154                    android:host="firebase.auth"
154-->[com.google.firebase:firebase-auth:21.0.1] AndroidManifest.xml:40:21-49
155                    android:path="/"
155-->[com.google.firebase:firebase-auth:21.0.1] AndroidManifest.xml:41:21-37
156                    android:scheme="recaptcha" />
156-->[com.google.firebase:firebase-auth:21.0.1] AndroidManifest.xml:42:21-48
157            </intent-filter>
158        </activity>
159
160        <service
160-->[com.google.firebase:firebase-auth:21.0.1] AndroidManifest.xml:64:9-73:19
161            android:name="com.google.firebase.auth.api.fallback.service.FirebaseAuthFallbackService"
161-->[com.google.firebase:firebase-auth:21.0.1] AndroidManifest.xml:65:13-101
162            android:enabled="true"
162-->[com.google.firebase:firebase-auth:21.0.1] AndroidManifest.xml:66:13-35
163            android:exported="false" >
163-->[com.google.firebase:firebase-auth:21.0.1] AndroidManifest.xml:67:13-37
164            <intent-filter>
164-->[com.google.firebase:firebase-auth:21.0.1] AndroidManifest.xml:68:13-72:29
165                <action android:name="com.google.firebase.auth.api.gms.service.START" />
165-->[com.google.firebase:firebase-auth:21.0.1] AndroidManifest.xml:69:17-89
165-->[com.google.firebase:firebase-auth:21.0.1] AndroidManifest.xml:69:25-86
166
167                <category android:name="android.intent.category.DEFAULT" />
167-->[com.google.firebase:firebase-auth:21.0.1] AndroidManifest.xml:36:17-76
167-->[com.google.firebase:firebase-auth:21.0.1] AndroidManifest.xml:36:27-73
168            </intent-filter>
169        </service>
170        <service
170-->[com.google.firebase:firebase-auth:21.0.1] AndroidManifest.xml:74:9-80:19
171            android:name="com.google.firebase.components.ComponentDiscoveryService"
171-->[com.google.firebase:firebase-auth:21.0.1] AndroidManifest.xml:75:13-84
172            android:directBootAware="true"
172-->[com.google.firebase:firebase-common:20.0.0] AndroidManifest.xml:35:13-43
173            android:exported="false" >
173-->[com.google.firebase:firebase-auth:21.0.1] AndroidManifest.xml:76:13-37
174            <meta-data
174-->[com.google.firebase:firebase-auth:21.0.1] AndroidManifest.xml:77:13-79:85
175                android:name="com.google.firebase.components:com.google.firebase.auth.FirebaseAuthRegistrar"
175-->[com.google.firebase:firebase-auth:21.0.1] AndroidManifest.xml:78:17-109
176                android:value="com.google.firebase.components.ComponentRegistrar" />
176-->[com.google.firebase:firebase-auth:21.0.1] AndroidManifest.xml:79:17-82
177            <meta-data
177-->[com.google.firebase:firebase-database:20.0.1] AndroidManifest.xml:32:13-34:85
178                android:name="com.google.firebase.components:com.google.firebase.database.DatabaseRegistrar"
178-->[com.google.firebase:firebase-database:20.0.1] AndroidManifest.xml:33:17-109
179                android:value="com.google.firebase.components.ComponentRegistrar" />
179-->[com.google.firebase:firebase-database:20.0.1] AndroidManifest.xml:34:17-82
180            <meta-data
180-->[com.google.android.gms:play-services-measurement-api:19.0.1] AndroidManifest.xml:30:13-32:85
181                android:name="com.google.firebase.components:com.google.firebase.analytics.connector.internal.AnalyticsConnectorRegistrar"
181-->[com.google.android.gms:play-services-measurement-api:19.0.1] AndroidManifest.xml:31:17-139
182                android:value="com.google.firebase.components.ComponentRegistrar" />
182-->[com.google.android.gms:play-services-measurement-api:19.0.1] AndroidManifest.xml:32:17-82
183            <meta-data
183-->[com.google.firebase:firebase-installations:17.0.0] AndroidManifest.xml:18:13-20:85
184                android:name="com.google.firebase.components:com.google.firebase.installations.FirebaseInstallationsRegistrar"
184-->[com.google.firebase:firebase-installations:17.0.0] AndroidManifest.xml:19:17-127
185                android:value="com.google.firebase.components.ComponentRegistrar" />
185-->[com.google.firebase:firebase-installations:17.0.0] AndroidManifest.xml:20:17-82
186        </service>
187
188        <activity
188-->[com.google.android.gms:play-services-base:17.6.0] AndroidManifest.xml:23:9-26:75
189            android:name="com.google.android.gms.common.api.GoogleApiActivity"
189-->[com.google.android.gms:play-services-base:17.6.0] AndroidManifest.xml:24:13-79
190            android:exported="false"
190-->[com.google.android.gms:play-services-base:17.6.0] AndroidManifest.xml:25:13-37
191            android:theme="@android:style/Theme.Translucent.NoTitleBar" />
191-->[com.google.android.gms:play-services-base:17.6.0] AndroidManifest.xml:26:13-72
192
193        <provider
193-->[com.google.firebase:firebase-common:20.0.0] AndroidManifest.xml:26:9-31:39
194            android:name="com.google.firebase.provider.FirebaseInitProvider"
194-->[com.google.firebase:firebase-common:20.0.0] AndroidManifest.xml:27:13-77
195            android:authorities="org.libsdl.app.firebaseinitprovider"
195-->[com.google.firebase:firebase-common:20.0.0] AndroidManifest.xml:28:13-72
196            android:directBootAware="true"
196-->[com.google.firebase:firebase-common:20.0.0] AndroidManifest.xml:29:13-43
197            android:exported="false"
197-->[com.google.firebase:firebase-common:20.0.0] AndroidManifest.xml:30:13-37
198            android:initOrder="100" />
198-->[com.google.firebase:firebase-common:20.0.0] AndroidManifest.xml:31:13-36
199
200        <receiver
200-->[com.google.android.gms:play-services-measurement:19.0.1] AndroidManifest.xml:29:9-33:20
201            android:name="com.google.android.gms.measurement.AppMeasurementReceiver"
201-->[com.google.android.gms:play-services-measurement:19.0.1] AndroidManifest.xml:30:13-85
202            android:enabled="true"
202-->[com.google.android.gms:play-services-measurement:19.0.1] AndroidManifest.xml:31:13-35
203            android:exported="false" >
203-->[com.google.android.gms:play-services-measurement:19.0.1] AndroidManifest.xml:32:13-37
204        </receiver>
205
206        <service
206-->[com.google.android.gms:play-services-measurement:19.0.1] AndroidManifest.xml:35:9-38:40
207            android:name="com.google.android.gms.measurement.AppMeasurementService"
207-->[com.google.android.gms:play-services-measurement:19.0.1] AndroidManifest.xml:36:13-84
208            android:enabled="true"
208-->[com.google.android.gms:play-services-measurement:19.0.1] AndroidManifest.xml:37:13-35
209            android:exported="false" />
209-->[com.google.android.gms:play-services-measurement:19.0.1] AndroidManifest.xml:38:13-37
210        <service
210-->[com.google.android.gms:play-services-measurement:19.0.1] AndroidManifest.xml:39:9-43:72
211            android:name="com.google.android.gms.measurement.AppMeasurementJobService"
211-->[com.google.android.gms:play-services-measurement:19.0.1] AndroidManifest.xml:40:13-87
212            android:enabled="true"
212-->[com.google.android.gms:play-services-measurement:19.0.1] AndroidManifest.xml:41:13-35
213            android:exported="false"
213-->[com.google.android.gms:play-services-measurement:19.0.1] AndroidManifest.xml:42:13-37
214            android:permission="android.permission.BIND_JOB_SERVICE" /> <!-- Include the AdActivity and InAppPurchaseActivity configChanges and themes. -->
214-->[com.google.android.gms:play-services-measurement:19.0.1] AndroidManifest.xml:43:13-69
215        <activity
215-->[com.google.android.gms:play-services-ads-lite:20.3.0] AndroidManifest.xml:48:9-52:64
216            android:name="com.google.android.gms.ads.AdActivity"
216-->[com.google.android.gms:play-services-ads-lite:20.3.0] AndroidManifest.xml:49:13-65
217            android:configChanges="keyboard|keyboardHidden|orientation|screenLayout|uiMode|screenSize|smallestScreenSize"
217-->[com.google.android.gms:play-services-ads-lite:20.3.0] AndroidManifest.xml:50:13-122
218            android:exported="false"
218-->[com.google.android.gms:play-services-ads-lite:20.3.0] AndroidManifest.xml:51:13-37
219            android:theme="@android:style/Theme.Translucent" />
219-->[com.google.android.gms:play-services-ads-lite:20.3.0] AndroidManifest.xml:52:13-61
220
221        <provider
221-->[com.google.android.gms:play-services-ads-lite:20.3.0] AndroidManifest.xml:54:9-58:39
222            android:name="com.google.android.gms.ads.MobileAdsInitProvider"
222-->[com.google.android.gms:play-services-ads-lite:20.3.0] AndroidManifest.xml:55:13-76
223            android:authorities="org.libsdl.app.mobileadsinitprovider"
223-->[com.google.android.gms:play-services-ads-lite:20.3.0] AndroidManifest.xml:56:13-73
224            android:exported="false"
224-->[com.google.android.gms:play-services-ads-lite:20.3.0] AndroidManifest.xml:57:13-37
225            android:initOrder="100" />
225-->[com.google.android.gms:play-services-ads-lite:20.3.0] AndroidManifest.xml:58:13-36
226
227        <service
227-->[com.google.android.gms:play-services-ads-lite:20.3.0] AndroidManifest.xml:60:9-63:40
228            android:name="com.google.android.gms.ads.AdService"
228-->[com.google.android.gms:play-services-ads-lite:20.3.0] AndroidManifest.xml:61:13-64
229            android:enabled="true"
229-->[com.google.android.gms:play-services-ads-lite:20.3.0] AndroidManifest.xml:62:13-35
230            android:exported="false" />
230-->[com.google.android.gms:play-services-ads-lite:20.3.0] AndroidManifest.xml:63:13-37
231
232        <meta-data
232-->[com.google.android.gms:play-services-basement:17.6.0] AndroidManifest.xml:23:9-25:69
233            android:name="com.google.android.gms.version"
233-->[com.google.android.gms:play-services-basement:17.6.0] AndroidManifest.xml:24:13-58
234            android:value="@integer/google_play_services_version" />
234-->[com.google.android.gms:play-services-basement:17.6.0] AndroidManifest.xml:25:13-66
235
236        <provider
236-->[androidx.work:work-runtime:2.1.0] AndroidManifest.xml:30:9-36:35
237            android:name="androidx.work.impl.WorkManagerInitializer"
237-->[androidx.work:work-runtime:2.1.0] AndroidManifest.xml:31:13-69
238            android:authorities="org.libsdl.app.workmanager-init"
238-->[androidx.work:work-runtime:2.1.0] AndroidManifest.xml:32:13-68
239            android:directBootAware="false"
239-->[androidx.work:work-runtime:2.1.0] AndroidManifest.xml:33:13-44
240            android:exported="false"
240-->[androidx.work:work-runtime:2.1.0] AndroidManifest.xml:34:13-37
241            android:multiprocess="true" />
241-->[androidx.work:work-runtime:2.1.0] AndroidManifest.xml:35:13-40
242
243        <service
243-->[androidx.work:work-runtime:2.1.0] AndroidManifest.xml:38:9-43:35
244            android:name="androidx.work.impl.background.systemalarm.SystemAlarmService"
244-->[androidx.work:work-runtime:2.1.0] AndroidManifest.xml:39:13-88
245            android:directBootAware="false"
245-->[androidx.work:work-runtime:2.1.0] AndroidManifest.xml:40:13-44
246            android:enabled="@bool/enable_system_alarm_service_default"
246-->[androidx.work:work-runtime:2.1.0] AndroidManifest.xml:41:13-72
247            android:exported="false" />
247-->[androidx.work:work-runtime:2.1.0] AndroidManifest.xml:42:13-37
248        <service
248-->[androidx.work:work-runtime:2.1.0] AndroidManifest.xml:44:9-50:35
249            android:name="androidx.work.impl.background.systemjob.SystemJobService"
249-->[androidx.work:work-runtime:2.1.0] AndroidManifest.xml:45:13-84
250            android:directBootAware="false"
250-->[androidx.work:work-runtime:2.1.0] AndroidManifest.xml:46:13-44
251            android:enabled="@bool/enable_system_job_service_default"
251-->[androidx.work:work-runtime:2.1.0] AndroidManifest.xml:47:13-70
252            android:exported="true"
252-->[androidx.work:work-runtime:2.1.0] AndroidManifest.xml:48:13-36
253            android:permission="android.permission.BIND_JOB_SERVICE" />
253-->[androidx.work:work-runtime:2.1.0] AndroidManifest.xml:49:13-69
254
255        <receiver
255-->[androidx.work:work-runtime:2.1.0] AndroidManifest.xml:52:9-57:35
256            android:name="androidx.work.impl.utils.ForceStopRunnable$BroadcastReceiver"
256-->[androidx.work:work-runtime:2.1.0] AndroidManifest.xml:53:13-88
257            android:directBootAware="false"
257-->[androidx.work:work-runtime:2.1.0] AndroidManifest.xml:54:13-44
258            android:enabled="true"
258-->[androidx.work:work-runtime:2.1.0] AndroidManifest.xml:55:13-35
259            android:exported="false" />
259-->[androidx.work:work-runtime:2.1.0] AndroidManifest.xml:56:13-37
260        <receiver
260-->[androidx.work:work-runtime:2.1.0] AndroidManifest.xml:58:9-68:20
261            android:name="androidx.work.impl.background.systemalarm.ConstraintProxy$BatteryChargingProxy"
261-->[androidx.work:work-runtime:2.1.0] AndroidManifest.xml:59:13-106
262            android:directBootAware="false"
262-->[androidx.work:work-runtime:2.1.0] AndroidManifest.xml:60:13-44
263            android:enabled="false"
263-->[androidx.work:work-runtime:2.1.0] AndroidManifest.xml:61:13-36
264            android:exported="false" >
264-->[androidx.work:work-runtime:2.1.0] AndroidManifest.xml:62:13-37
265            <intent-filter>
265-->[androidx.work:work-runtime:2.1.0] AndroidManifest.xml:64:13-67:29
266                <action android:name="android.intent.action.ACTION_POWER_CONNECTED" />
266-->[androidx.work:work-runtime:2.1.0] AndroidManifest.xml:65:17-87
266-->[androidx.work:work-runtime:2.1.0] AndroidManifest.xml:65:25-84
267                <action android:name="android.intent.action.ACTION_POWER_DISCONNECTED" />
267-->[androidx.work:work-runtime:2.1.0] AndroidManifest.xml:66:17-90
267-->[androidx.work:work-runtime:2.1.0] AndroidManifest.xml:66:25-87
268            </intent-filter>
269        </receiver>
270        <receiver
270-->[androidx.work:work-runtime:2.1.0] AndroidManifest.xml:69:9-79:20
271            android:name="androidx.work.impl.background.systemalarm.ConstraintProxy$BatteryNotLowProxy"
271-->[androidx.work:work-runtime:2.1.0] AndroidManifest.xml:70:13-104
272            android:directBootAware="false"
272-->[androidx.work:work-runtime:2.1.0] AndroidManifest.xml:71:13-44
273            android:enabled="false"
273-->[androidx.work:work-runtime:2.1.0] AndroidManifest.xml:72:13-36
274            android:exported="false" >
274-->[androidx.work:work-runtime:2.1.0] AndroidManifest.xml:73:13-37
275            <intent-filter>
275-->[androidx.work:work-runtime:2.1.0] AndroidManifest.xml:75:13-78:29
276                <action android:name="android.intent.action.BATTERY_OKAY" />
276-->[androidx.work:work-runtime:2.1.0] AndroidManifest.xml:76:17-77
276-->[androidx.work:work-runtime:2.1.0] AndroidManifest.xml:76:25-74
277                <action android:name="android.intent.action.BATTERY_LOW" />
277-->[androidx.work:work-runtime:2.1.0] AndroidManifest.xml:77:17-76
277-->[androidx.work:work-runtime:2.1.0] AndroidManifest.xml:77:25-73
278            </intent-filter>
279        </receiver>
280        <receiver
280-->[androidx.work:work-runtime:2.1.0] AndroidManifest.xml:80:9-90:20
281            android:name="androidx.work.impl.background.systemalarm.ConstraintProxy$StorageNotLowProxy"
281-->[androidx.work:work-runtime:2.1.0] AndroidManifest.xml:81:13-104
282            android:directBootAware="false"
282-->[androidx.work:work-runtime:2.1.0] AndroidManifest.xml:82:13-44
283            android:enabled="false"
283-->[androidx.work:work-runtime:2.1.0] AndroidManifest.xml:83:13-36
284            android:exported="false" >
284-->[androidx.work:work-runtime:2.1.0] AndroidManifest.xml:84:13-37
285            <intent-filter>
285-->[androidx.work:work-runtime:2.1.0] AndroidManifest.xml:86:13-89:29
286                <action android:name="android.intent.action.DEVICE_STORAGE_LOW" />
286-->[androidx.work:work-runtime:2.1.0] AndroidManifest.xml:87:17-83
286-->[androidx.work:work-runtime:2.1.0] AndroidManifest.xml:87:25-80
287                <action android:name="android.intent.action.DEVICE_STORAGE_OK" />
287-->[androidx.work:work-runtime:2.1.0] AndroidManifest.xml:88:17-82
287-->[androidx.work:work-runtime:2.1.0] AndroidManifest.xml:88:25-79
288            </intent-filter>
289        </receiver>
290        <receiver
290-->[androidx.work:work-runtime:2.1.0] AndroidManifest.xml:91:9-100:20
291            android:name="androidx.work.impl.background.systemalarm.ConstraintProxy$NetworkStateProxy"
291-->[androidx.work:work-runtime:2.1.0] AndroidManifest.xml:92:13-103
292            android:directBootAware="false"
292-->[androidx.work:work-runtime:2.1.0] AndroidManifest.xml:93:13-44
293            android:enabled="false"
293-->[androidx.work:work-runtime:2.1.0] AndroidManifest.xml:94:13-36
294            android:exported="false" >
294-->[androidx.work:work-runtime:2.1.0] AndroidManifest.xml:95:13-37
295            <intent-filter>
295-->[androidx.work:work-runtime:2.1.0] AndroidManifest.xml:97:13-99:29
296                <action android:name="android.net.conn.CONNECTIVITY_CHANGE" />
296-->[androidx.work:work-runtime:2.1.0] AndroidManifest.xml:98:17-79
296-->[androidx.work:work-runtime:2.1.0] AndroidManifest.xml:98:25-76
297            </intent-filter>
298        </receiver>
299        <receiver
299-->[androidx.work:work-runtime:2.1.0] AndroidManifest.xml:101:9-112:20
300            android:name="androidx.work.impl.background.systemalarm.RescheduleReceiver"
300-->[androidx.work:work-runtime:2.1.0] AndroidManifest.xml:102:13-88